<?xml version="1.0" encoding="UTF-8"?>
<testng-results ignored="0" total="3" passed="3" failed="0" skipped="0">
  <reporter-output>
  </reporter-output>
  <suite started-at="2018-12-05T05:59:25Z" name="Default suite" finished-at="2018-12-05T06:00:04Z" duration-ms="39056">
    <groups>
    </groups>
    <test started-at="2018-12-05T05:59:25Z" name="Default test" finished-at="2018-12-05T06:00:04Z" duration-ms="39056">
      <class name="testCase.LoginTest">
        <test-method signature="loginFail()[pri:0, instance:testCase.LoginTest@205b132e]" started-at="2018-12-05T05:59:25Z" name="loginFail" finished-at="2018-12-05T05:59:44Z" duration-ms="18679" status="PASS">
          <reporter-output>
          </reporter-output>
        </test-method> <!-- loginFail -->
        <test-method signature="loginSuccess(java.lang.String, java.lang.String)[pri:0, instance:testCase.LoginTest@205b132e]" started-at="2018-12-05T05:59:44Z" name="loginSuccess" data-provider="txt" finished-at="2018-12-05T05:59:54Z" duration-ms="10263" status="PASS">
          <params>
            <param index="0">
              <value>
                <![CDATA[qingdao01]]>
              </value>
            </param>
            <param index="1">
              <value>
                <![CDATA[123456]]>
              </value>
            </param>
          </params>
          <reporter-output>
          </reporter-output>
        </test-method> <!-- loginSuccess -->
        <test-method signature="loginSuccess(java.lang.String, java.lang.String)[pri:0, instance:testCase.LoginTest@205b132e]" started-at="2018-12-05T05:59:54Z" name="loginSuccess" data-provider="txt" finished-at="2018-12-05T06:00:04Z" duration-ms="10074" status="PASS">
          <params>
            <param index="0">
              <value>
                <![CDATA[qingdao02]]>
              </value>
            </param>
            <param index="1">
              <value>
                <![CDATA[123456]]>
              </value>
            </param>
          </params>
          <reporter-output>
          </reporter-output>
        </test-method> <!-- loginSuccess -->
      </class> <!-- testCase.LoginTest -->
    </test> <!-- Default test -->
  </suite> <!-- Default suite -->
</testng-results>
