<?xml version="1.0" encoding="UTF-8"?>
<!-- Generated by org.testng.reporters.JUnitReportReporter -->
<testsuite hostname="ASUS" failures="0" tests="3" name="testCase.LoginTest" time="39.016" errors="0" timestamp="05 12月 2018 06:00:04 GMT" skipped="0">
  <testcase classname="testCase.LoginTest" name="loginSuccess" time="10.074"/>
  <testcase classname="testCase.LoginTest" name="loginFail" time="18.679"/>
  <testcase classname="testCase.LoginTest" name="loginSuccess" time="10.263"/>
</testsuite> <!-- testCase.LoginTest -->
