<?xml version="1.0" encoding="UTF-8"?>
<!-- Generated by org.testng.reporters.JUnitXMLReporter -->
<testsuite ignored="0" hostname="ASUS" failures="0" tests="3" name="Default test" time="39.056" errors="0" timestamp="05 12月 2018 06:00:04 GMT">
  <testcase classname="testCase.LoginTest" name="loginFail" time="18.679"/>
  <testcase classname="testCase.LoginTest" name="loginSuccess" time="10.263"/>
  <testcase classname="testCase.LoginTest" name="loginSuccess" time="10.074"/>
</testsuite> <!-- Default test -->
